<?xml version="1.0" encoding="UTF-8"?>
<!-- Generated by org.testng.reporters.JUnitReportReporter -->
<testsuite skipped="1" hostname="KESAVAN-PC" name="com.testNG.DepandsGroups" tests="7" failures="0" timestamp="2021-02-10T17:06:38 IST" time="0.010" errors="0">
  <testcase name="searchPlate" time="0.002" classname="com.testNG.DepandsGroups"/>
  <system-out/>
  <testcase name="searchTV" time="0.001" classname="com.testNG.DepandsGroups"/>
  <system-out/>
  <testcase name="searchAccessories" time="0.002" classname="com.testNG.DepandsGroups"/>
  <system-out/>
  <testcase name="searchMobile" time="0.001" classname="com.testNG.DepandsGroups"/>
  <system-out/>
  <testcase name="searchDesktop" time="0.002" classname="com.testNG.DepandsGroups"/>
  <system-out/>
  <testcase name="searchLaptop" time="0.002" classname="com.testNG.DepandsGroups"/>
  <system-out/>
  <testcase name="searchSpoon" classname="com.testNG.DepandsGroups">
    <skipped/>
  </testcase> <!-- searchSpoon -->
  <system-out/>
</testsuite> <!-- com.testNG.DepandsGroups -->
