<?xml version="1.0" encoding="UTF-8"?>
<!-- Generated by org.testng.reporters.JUnitReportReporter -->
<testsuite skipped="0" hostname="KESAVAN-PC" name="com.testNG.SimpleAnnotation" tests="2" failures="0" timestamp="2021-01-27T18:10:24 IST" time="0.010" errors="0">
  <testcase name="searchMobile" time="0.003" classname="com.testNG.SimpleAnnotation"/>
  <system-out/>
  <testcase name="searchLaptop" time="0.007" classname="com.testNG.SimpleAnnotation"/>
  <system-out/>
</testsuite> <!-- com.testNG.SimpleAnnotation -->
