<?xml version="1.0" encoding="UTF-8"?>
<!-- Generated by org.testng.reporters.JUnitReportReporter -->
<testsuite skipped="0" hostname="KESAVAN-PC" name="com.testNG.ParallelTest" tests="2" failures="0" timestamp="2021-02-25T10:01:48 IST" time="7.264" errors="0">
  <testcase name="launchFB" time="0.011" classname="com.testNG.ParallelTest"/>
  <system-out/>
  <testcase name="launchGoogle" time="7.253" classname="com.testNG.ParallelTest"/>
  <system-out/>
</testsuite> <!-- com.testNG.ParallelTest -->
