<?xml version="1.0" encoding="UTF-8"?>
<!-- Generated by org.testng.reporters.JUnitReportReporter -->
<testsuite skipped="0" hostname="KESAVAN-PC" name="com.testNG.TimeOutTest" tests="2" failures="0" timestamp="2021-02-25T09:57:12 IST" time="2.516" errors="0">
  <testcase name="searchTv" time="2.004" classname="com.testNG.TimeOutTest"/>
  <system-out/>
  <testcase name="searchAcceessories" time="0.512" classname="com.testNG.TimeOutTest"/>
  <system-out/>
</testsuite> <!-- com.testNG.TimeOutTest -->
