<?xml version="1.0" encoding="UTF-8"?>
<!-- Generated by org.testng.reporters.JUnitReportReporter -->
<testsuite skipped="0" hostname="KESAVAN-PC" name="com.testNG.DependencyTest" tests="7" failures="0" timestamp="2021-02-10T18:08:45 IST" time="0.028" errors="0">
  <testcase name="searchMobile" time="0.001" classname="com.testNG.DependencyTest"/>
  <system-out/>
  <testcase name="searchDesktop" time="0.002" classname="com.testNG.DependencyTest"/>
  <system-out/>
  <testcase name="searchTV" time="0.004" classname="com.testNG.DependencyTest"/>
  <system-out/>
  <testcase name="searchPlate" time="0.002" classname="com.testNG.DependencyTest"/>
  <system-out/>
  <testcase name="searchLaptop" time="0.002" classname="com.testNG.DependencyTest"/>
  <system-out/>
  <testcase name="searchSpoon" time="0.016" classname="com.testNG.DependencyTest"/>
  <system-out/>
  <testcase name="searchAccessories" time="0.001" classname="com.testNG.DependencyTest"/>
  <system-out/>
</testsuite> <!-- com.testNG.DependencyTest -->
