<?xml version="1.0" encoding="UTF-8"?>
<!-- Generated by org.testng.reporters.JUnitReportReporter -->
<testsuite skipped="0" hostname="KESAVAN-PC" name="com.testNG.DataProviderDemo" tests="2" failures="0" timestamp="2021-02-25T10:07:02 IST" time="0.021" errors="0">
  <testcase name="loginDetails" time="0.002" classname="com.testNG.DataProviderDemo"/>
  <system-out/>
  <testcase name="loginDetails" time="0.019" classname="com.testNG.DataProviderDemo"/>
  <system-out/>
</testsuite> <!-- com.testNG.DataProviderDemo -->
